<?xml version="1.0" encoding="UTF-8"?>
<!-- Generated by org.testng.reporters.JUnitXMLReporter -->
<testsuite hostname="TekArch" ignored="1" name="LoginPage Tests Chrome" tests="1" failures="1" timestamp="05 Nov 2021 18:20:16 GMT" time="28.242" errors="0">
  <testcase name="loginTC01" time="23.3" classname="sfdc.tests.Login">
    <failure type="java.lang.AssertionError" message="The following asserts failed:
	expected [Please check your username and password. If you still can&amp;apos;t log in, contact your Salesforce administrator.] but found [null]">
      <![CDATA[java.lang.AssertionError: The following asserts failed:
	expected [Please check your username and password. If you still can't log in, contact your Salesforce administrator.] but found [null]
	at sfdc.tests.Login.loginTC01(Login.java:107)
	at java.util.concurrent.FutureTask.run(FutureTask.java:266)
	at java.util.concurrent.ThreadPoolExecutor.runWorker(ThreadPoolExecutor.java:1149)
	at java.util.concurrent.ThreadPoolExecutor$Worker.run(ThreadPoolExecutor.java:624)
	at java.lang.Thread.run(Thread.java:748)
... Removed 17 stack frames]]>
    </failure>
  </testcase> <!-- loginTC01 -->
  <testcase name="loginTC02" time="0.0" classname="sfdc.tests.Login">
    <ignored/>
  </testcase> <!-- loginTC02 -->
</testsuite> <!-- LoginPage Tests Chrome -->
